Flow report for counter
Sun Sep 28 14:56:26 2025
Quartus Prime Version 25.1.1 Build 125 07/31/2025 SC Pro Edition


---------------------
; Table of Contents ;
---------------------
  1. Flow Summary
  2. Flow Settings
  3. Flow Non-Default Global Settings
  4. Flow Elapsed Time
  5. Flow OS Summary
  6. Flow Log
  7. Legal Notice



+------------------------------------------------------------------------------+
; Flow Summary                                                                 ;
+---------------------------------+--------------------------------------------+
; Flow Status                     ; Successful - Sun Sep 28 14:56:25 2025      ;
; Quartus Prime Version           ; 25.1.1 Build 125 07/31/2025 SC Pro Edition ;
; Revision Name                   ; counter                                    ;
; Top-level Entity Name           ; counter_top                                ;
; Family                          ; Agilex 3                                   ;
; Device                          ; A3CZ135BB18AE7S                            ;
; Timing Models                   ; Final                                      ;
; Power Models                    ; Final                                      ;
; Device Status                   ; Preliminary                                ;
; Logic utilization (in ALMs)     ; 16 / 45,800 ( < 1 % )                      ;
; Total dedicated logic registers ; 29                                         ;
; Total pins                      ; 7 / 208 ( 3 % )                            ;
; Total block memory bits         ; 0 / 7,229,440 ( 0 % )                      ;
; Total RAM Blocks                ; 0 / 353 ( 0 % )                            ;
; Total DSP Blocks                ; 0 / 184 ( 0 % )                            ;
; Total HSSI HPS                  ; 0 / 1 ( 0 % )                              ;
; Total PLLs                      ; 1 / 4 ( 25 % )                             ;
+---------------------------------+--------------------------------------------+


+-----------------------------------------+
; Flow Settings                           ;
+-------------------+---------------------+
; Option            ; Setting             ;
+-------------------+---------------------+
; Start date & time ; 09/28/2025 14:53:18 ;
; Main task         ; Compilation         ;
; Revision Name     ; counter             ;
+-------------------+---------------------+


+---------------------------------------------------------------------------------------------------------------------------------------------+
; Flow Non-Default Global Settings                                                                                                            ;
+--------------------------+-----------------------------------------------------------------------+---------------+-------------+------------+
; Assignment Name          ; Value                                                                 ; Default Value ; Entity Name ; Section Id ;
+--------------------------+-----------------------------------------------------------------------+---------------+-------------+------------+
; COMPILER_SIGNATURE_ID    ; 18152783499931.175906399825620                                        ; --            ; --          ; --         ;
; MAX_CORE_JUNCTION_TEMP   ; 100                                                                   ; --            ; --          ; --         ;
; MIN_CORE_JUNCTION_TEMP   ; 0                                                                     ; --            ; --          ; --         ;
; MISC_FILE                ; C:/projects/FPGA/intel/A3/counter/src/qsys/iopll/iopll/iopll.cmp      ; --            ; --          ; --         ;
; MISC_FILE                ; C:/projects/FPGA/intel/A3/counter/src/qsys/iopll/iopll.ip             ; --            ; --          ; --         ;
; PROJECT_OUTPUT_DIRECTORY ; C:/projects/FPGA/intel/A3/counter/output_files                        ; --            ; --          ; --         ;
; SOPCINFO_FILE            ; C:/projects/FPGA/intel/A3/counter/src/qsys/iopll/iopll/iopll.sopcinfo ; --            ; --          ; --         ;
; TOP_LEVEL_ENTITY         ; counter_top                                                           ; counter       ; --          ; --         ;
+--------------------------+-----------------------------------------------------------------------+---------------+-------------+------------+


+------------------------------------------------------+
; Flow Elapsed Time                                    ;
+-----------------+--------------+---------------------+
; Module Name     ; Elapsed Time ; Peak Virtual Memory ;
+-----------------+--------------+---------------------+
; Synthesis       ; 00:00:20     ; 1069 MB             ;
; Fitter          ; 00:02:17     ; 4802 MB             ;
; Timing Analyzer ; 00:00:09     ; 1022 MB             ;
; Assembler       ; 00:00:16     ; 2739 MB             ;
; Total           ; 00:03:02     ; --                  ;
+-----------------+--------------+---------------------+


+-------------------------------------------------------------------------------+
; Flow OS Summary                                                               ;
+-----------------+------------------+------------+------------+----------------+
; Module Name     ; Machine Hostname ; OS Name    ; OS Version ; Processor type ;
+-----------------+------------------+------------+------------+----------------+
; Synthesis       ; NaveenShankar    ; Windows 11 ; 10.0.26100 ; x86_64         ;
; Fitter          ; NaveenShankar    ; Windows 11 ; 10.0.26100 ; x86_64         ;
; Timing Analyzer ; NaveenShankar    ; Windows 11 ; 10.0.26100 ; x86_64         ;
; Assembler       ; NaveenShankar    ; Windows 11 ; 10.0.26100 ; x86_64         ;
+-----------------+------------------+------------+------------+----------------+


------------
; Flow Log ;
------------
quartus_syn --read_settings_files=on --write_settings_files=off counter -c counter
quartus_fit --read_settings_files=on --write_settings_files=off counter -c counter
quartus_sta counter -c counter --mode=finalize
quartus_asm --read_settings_files=on --write_settings_files=off counter -c counter



----------------
; Legal Notice ;
----------------
Copyright (C) 2025  Altera Corporation. All rights reserved.
Your use of Altera Corporation's design tools, logic functions 
and other software and tools, and any partner logic 
functions, and any output files from any of the foregoing 
(including device programming or simulation files), and any 
associated documentation or information are expressly subject 
to the terms and conditions of the Altera Program License 
Subscription Agreement, the Altera Quartus Prime License Agreement,
the Altera IP License Agreement, or other applicable license
agreement, including, without limitation, that your use is for
the sole purpose of programming logic devices manufactured by
Altera and sold by Altera or its authorized distributors.  Please
refer to the Altera Software License Subscription Agreements 
on the Quartus Prime software download page.



